/home/huy/Downloads/project/install/nav2_simple_navigation/lib/python3.12/site-packages/nav2_simple_navigation/go_to_rooms.py
/home/huy/Downloads/project/install/nav2_simple_navigation/lib/python3.12/site-packages/nav2_simple_navigation/square_nav.py
/home/huy/Downloads/project/install/nav2_simple_navigation/lib/python3.12/site-packages/nav2_simple_navigation/bt_nav.py
/home/huy/Downloads/project/install/nav2_simple_navigation/lib/python3.12/site-packages/nav2_simple_navigation/circle_nav.py
/home/huy/Downloads/project/install/nav2_simple_navigation/lib/python3.12/site-packages/nav2_simple_navigation/rviz_route_manager.py
/home/huy/Downloads/project/install/nav2_simple_navigation/lib/python3.12/site-packages/nav2_simple_navigation/__init__.py
/home/huy/Downloads/project/install/nav2_simple_navigation/lib/python3.12/site-packages/nav2_simple_navigation/go_to_room.py
/home/huy/Downloads/project/install/nav2_simple_navigation/lib/python3.12/site-packages/nav2_simple_navigation/debug_pose.py
/home/huy/Downloads/project/install/nav2_simple_navigation/lib/python3.12/site-packages/nav2_simple_navigation/debug_yaw.py
/home/huy/Downloads/project/install/nav2_simple_navigation/lib/python3.12/site-packages/nav2_simple_navigation/__pycache__/go_to_rooms.cpython-312.pyc
/home/huy/Downloads/project/install/nav2_simple_navigation/lib/python3.12/site-packages/nav2_simple_navigation/__pycache__/square_nav.cpython-312.pyc
/home/huy/Downloads/project/install/nav2_simple_navigation/lib/python3.12/site-packages/nav2_simple_navigation/__pycache__/bt_nav.cpython-312.pyc
/home/huy/Downloads/project/install/nav2_simple_navigation/lib/python3.12/site-packages/nav2_simple_navigation/__pycache__/circle_nav.cpython-312.pyc
/home/huy/Downloads/project/install/nav2_simple_navigation/lib/python3.12/site-packages/nav2_simple_navigation/__pycache__/rviz_route_manager.cpython-312.pyc
/home/huy/Downloads/project/install/nav2_simple_navigation/lib/python3.12/site-packages/nav2_simple_navigation/__pycache__/__init__.cpython-312.pyc
/home/huy/Downloads/project/install/nav2_simple_navigation/lib/python3.12/site-packages/nav2_simple_navigation/__pycache__/go_to_room.cpython-312.pyc
/home/huy/Downloads/project/install/nav2_simple_navigation/lib/python3.12/site-packages/nav2_simple_navigation/__pycache__/debug_pose.cpython-312.pyc
/home/huy/Downloads/project/install/nav2_simple_navigation/lib/python3.12/site-packages/nav2_simple_navigation/__pycache__/debug_yaw.cpython-312.pyc
/home/huy/Downloads/project/install/nav2_simple_navigation/share/ament_index/resource_index/packages/nav2_simple_navigation
/home/huy/Downloads/project/install/nav2_simple_navigation/share/nav2_simple_navigation/package.xml
/home/huy/Downloads/project/install/nav2_simple_navigation/share/nav2_simple_navigation/launch/nav2_control.launch.py
/home/huy/Downloads/project/install/nav2_simple_navigation/share/nav2_simple_navigation/launch/ekf.launch.py
/home/huy/Downloads/project/install/nav2_simple_navigation/share/nav2_simple_navigation/config/nav2_params.yaml
/home/huy/Downloads/project/install/nav2_simple_navigation/share/nav2_simple_navigation/config/hospital_map.yaml
/home/huy/Downloads/project/install/nav2_simple_navigation/share/nav2_simple_navigation/config/ekf.yaml
/home/huy/Downloads/project/install/nav2_simple_navigation/share/nav2_simple_navigation/config/rooms.yaml
/home/huy/Downloads/project/install/nav2_simple_navigation/share/nav2_simple_navigation/config/nav2_params_wo_BT.yaml
/home/huy/Downloads/project/install/nav2_simple_navigation/share/nav2_simple_navigation/config/mapper_params.yaml
/home/huy/Downloads/project/install/nav2_simple_navigation/share/nav2_simple_navigation/config/hospital_map.pgm
/home/huy/Downloads/project/install/nav2_simple_navigation/share/nav2_simple_navigation/rviz/nav2_navigation.rviz
/home/huy/Downloads/project/install/nav2_simple_navigation/lib/python3.12/site-packages/nav2_simple_navigation-0.0.0-py3.12.egg-info/dependency_links.txt
/home/huy/Downloads/project/install/nav2_simple_navigation/lib/python3.12/site-packages/nav2_simple_navigation-0.0.0-py3.12.egg-info/requires.txt
/home/huy/Downloads/project/install/nav2_simple_navigation/lib/python3.12/site-packages/nav2_simple_navigation-0.0.0-py3.12.egg-info/SOURCES.txt
/home/huy/Downloads/project/install/nav2_simple_navigation/lib/python3.12/site-packages/nav2_simple_navigation-0.0.0-py3.12.egg-info/zip-safe
/home/huy/Downloads/project/install/nav2_simple_navigation/lib/python3.12/site-packages/nav2_simple_navigation-0.0.0-py3.12.egg-info/entry_points.txt
/home/huy/Downloads/project/install/nav2_simple_navigation/lib/python3.12/site-packages/nav2_simple_navigation-0.0.0-py3.12.egg-info/top_level.txt
/home/huy/Downloads/project/install/nav2_simple_navigation/lib/python3.12/site-packages/nav2_simple_navigation-0.0.0-py3.12.egg-info/PKG-INFO
/home/huy/Downloads/project/install/nav2_simple_navigation/lib/nav2_simple_navigation/bt_nav
/home/huy/Downloads/project/install/nav2_simple_navigation/lib/nav2_simple_navigation/circle_nav
/home/huy/Downloads/project/install/nav2_simple_navigation/lib/nav2_simple_navigation/go_to_room
/home/huy/Downloads/project/install/nav2_simple_navigation/lib/nav2_simple_navigation/go_to_rooms
/home/huy/Downloads/project/install/nav2_simple_navigation/lib/nav2_simple_navigation/pose_debugger
/home/huy/Downloads/project/install/nav2_simple_navigation/lib/nav2_simple_navigation/rviz_route_manager
/home/huy/Downloads/project/install/nav2_simple_navigation/lib/nav2_simple_navigation/square_nav
/home/huy/Downloads/project/install/nav2_simple_navigation/lib/nav2_simple_navigation/yaw_debugger
