[0.876s] Invoking command in '/home/huy/Downloads/project/src/nav2_simple_navigation': DEBUGINFOD_URLS=https://debuginfod.ubuntu.com PYTHONPATH=/home/huy/Downloads/project/build/nav2_simple_navigation/prefix_override:/usr/lib/python3/dist-packages/colcon_core/task/python/colcon_distutils_commands:/home/huy/Downloads/project/install/nav2_simple_navigation/lib/python3.12/site-packages:${PYTHONPATH} /usr/bin/python3 -W ignore:setup.py install is deprecated -W ignore:easy_install command is deprecated setup.py egg_info --egg-base ../../build/nav2_simple_navigation build --build-base /home/huy/Downloads/project/build/nav2_simple_navigation/build install --record /home/huy/Downloads/project/build/nav2_simple_navigation/install.log --single-version-externally-managed install_data
[1.136s] running egg_info
[1.161s] writing ../../build/nav2_simple_navigation/nav2_simple_navigation.egg-info/PKG-INFO
[1.161s] writing dependency_links to ../../build/nav2_simple_navigation/nav2_simple_navigation.egg-info/dependency_links.txt
[1.162s] writing entry points to ../../build/nav2_simple_navigation/nav2_simple_navigation.egg-info/entry_points.txt
[1.162s] writing requirements to ../../build/nav2_simple_navigation/nav2_simple_navigation.egg-info/requires.txt
[1.162s] writing top-level names to ../../build/nav2_simple_navigation/nav2_simple_navigation.egg-info/top_level.txt
[1.205s] reading manifest file '../../build/nav2_simple_navigation/nav2_simple_navigation.egg-info/SOURCES.txt'
[1.206s] writing manifest file '../../build/nav2_simple_navigation/nav2_simple_navigation.egg-info/SOURCES.txt'
[1.206s] running build
[1.206s] running build_py
[1.206s] running install
[1.213s] running install_lib
[1.235s] running install_data
[1.235s] copying config/hospital_map.yaml -> /home/huy/Downloads/project/install/nav2_simple_navigation/share/nav2_simple_navigation/config
[1.235s] copying config/hospital_map.pgm -> /home/huy/Downloads/project/install/nav2_simple_navigation/share/nav2_simple_navigation/config
[1.236s] running install_egg_info
[1.257s] removing '/home/huy/Downloads/project/install/nav2_simple_navigation/lib/python3.12/site-packages/nav2_simple_navigation-0.0.0-py3.12.egg-info' (and everything under it)
[1.257s] Copying ../../build/nav2_simple_navigation/nav2_simple_navigation.egg-info to /home/huy/Downloads/project/install/nav2_simple_navigation/lib/python3.12/site-packages/nav2_simple_navigation-0.0.0-py3.12.egg-info
[1.258s] running install_scripts
[1.387s] Installing bt_nav script to /home/huy/Downloads/project/install/nav2_simple_navigation/lib/nav2_simple_navigation
[1.387s] Installing circle_nav script to /home/huy/Downloads/project/install/nav2_simple_navigation/lib/nav2_simple_navigation
[1.387s] Installing go_to_room script to /home/huy/Downloads/project/install/nav2_simple_navigation/lib/nav2_simple_navigation
[1.388s] Installing pose_debugger script to /home/huy/Downloads/project/install/nav2_simple_navigation/lib/nav2_simple_navigation
[1.388s] Installing square_nav script to /home/huy/Downloads/project/install/nav2_simple_navigation/lib/nav2_simple_navigation
[1.388s] Installing yaw_debugger script to /home/huy/Downloads/project/install/nav2_simple_navigation/lib/nav2_simple_navigation
[1.388s] writing list of installed files to '/home/huy/Downloads/project/build/nav2_simple_navigation/install.log'
[1.440s] Invoked command in '/home/huy/Downloads/project/src/nav2_simple_navigation' returned '0': DEBUGINFOD_URLS=https://debuginfod.ubuntu.com PYTHONPATH=/home/huy/Downloads/project/build/nav2_simple_navigation/prefix_override:/usr/lib/python3/dist-packages/colcon_core/task/python/colcon_distutils_commands:/home/huy/Downloads/project/install/nav2_simple_navigation/lib/python3.12/site-packages:${PYTHONPATH} /usr/bin/python3 -W ignore:setup.py install is deprecated -W ignore:easy_install command is deprecated setup.py egg_info --egg-base ../../build/nav2_simple_navigation build --build-base /home/huy/Downloads/project/build/nav2_simple_navigation/build install --record /home/huy/Downloads/project/build/nav2_simple_navigation/install.log --single-version-externally-managed install_data
