running egg_info
writing ../../build/nav2_simple_navigation/nav2_simple_navigation.egg-info/PKG-INFO
writing dependency_links to ../../build/nav2_simple_navigation/nav2_simple_navigation.egg-info/dependency_links.txt
writing entry points to ../../build/nav2_simple_navigation/nav2_simple_navigation.egg-info/entry_points.txt
writing requirements to ../../build/nav2_simple_navigation/nav2_simple_navigation.egg-info/requires.txt
writing top-level names to ../../build/nav2_simple_navigation/nav2_simple_navigation.egg-info/top_level.txt
reading manifest file '../../build/nav2_simple_navigation/nav2_simple_navigation.egg-info/SOURCES.txt'
writing manifest file '../../build/nav2_simple_navigation/nav2_simple_navigation.egg-info/SOURCES.txt'
running build
running build_py
running install
running install_lib
running install_data
copying config/nav2_params.yaml -> /home/huy/Downloads/project/install/nav2_simple_navigation/share/nav2_simple_navigation/config
running install_egg_info
removing '/home/huy/Downloads/project/install/nav2_simple_navigation/lib/python3.12/site-packages/nav2_simple_navigation-0.0.0-py3.12.egg-info' (and everything under it)
Copying ../../build/nav2_simple_navigation/nav2_simple_navigation.egg-info to /home/huy/Downloads/project/install/nav2_simple_navigation/lib/python3.12/site-packages/nav2_simple_navigation-0.0.0-py3.12.egg-info
running install_scripts
Installing bt_nav script to /home/huy/Downloads/project/install/nav2_simple_navigation/lib/nav2_simple_navigation
Installing circle_nav script to /home/huy/Downloads/project/install/nav2_simple_navigation/lib/nav2_simple_navigation
Installing go_to_room script to /home/huy/Downloads/project/install/nav2_simple_navigation/lib/nav2_simple_navigation
Installing go_to_rooms script to /home/huy/Downloads/project/install/nav2_simple_navigation/lib/nav2_simple_navigation
Installing pose_debugger script to /home/huy/Downloads/project/install/nav2_simple_navigation/lib/nav2_simple_navigation
Installing square_nav script to /home/huy/Downloads/project/install/nav2_simple_navigation/lib/nav2_simple_navigation
Installing yaw_debugger script to /home/huy/Downloads/project/install/nav2_simple_navigation/lib/nav2_simple_navigation
writing list of installed files to '/home/huy/Downloads/project/build/nav2_simple_navigation/install.log'
