running egg_info
creating ../../build/nav2_simple_navigation/nav2_simple_navigation.egg-info
writing ../../build/nav2_simple_navigation/nav2_simple_navigation.egg-info/PKG-INFO
writing dependency_links to ../../build/nav2_simple_navigation/nav2_simple_navigation.egg-info/dependency_links.txt
writing entry points to ../../build/nav2_simple_navigation/nav2_simple_navigation.egg-info/entry_points.txt
writing requirements to ../../build/nav2_simple_navigation/nav2_simple_navigation.egg-info/requires.txt
writing top-level names to ../../build/nav2_simple_navigation/nav2_simple_navigation.egg-info/top_level.txt
writing manifest file '../../build/nav2_simple_navigation/nav2_simple_navigation.egg-info/SOURCES.txt'
reading manifest file '../../build/nav2_simple_navigation/nav2_simple_navigation.egg-info/SOURCES.txt'
writing manifest file '../../build/nav2_simple_navigation/nav2_simple_navigation.egg-info/SOURCES.txt'
running build
running build_py
creating /home/huy/Downloads/project/build/nav2_simple_navigation/build
creating /home/huy/Downloads/project/build/nav2_simple_navigation/build/lib
creating /home/huy/Downloads/project/build/nav2_simple_navigation/build/lib/nav2_simple_navigation
copying nav2_simple_navigation/square_nav.py -> /home/huy/Downloads/project/build/nav2_simple_navigation/build/lib/nav2_simple_navigation
copying nav2_simple_navigation/bt_nav.py -> /home/huy/Downloads/project/build/nav2_simple_navigation/build/lib/nav2_simple_navigation
copying nav2_simple_navigation/circle_nav.py -> /home/huy/Downloads/project/build/nav2_simple_navigation/build/lib/nav2_simple_navigation
copying nav2_simple_navigation/__init__.py -> /home/huy/Downloads/project/build/nav2_simple_navigation/build/lib/nav2_simple_navigation
copying nav2_simple_navigation/go_to_room.py -> /home/huy/Downloads/project/build/nav2_simple_navigation/build/lib/nav2_simple_navigation
copying nav2_simple_navigation/debug_pose.py -> /home/huy/Downloads/project/build/nav2_simple_navigation/build/lib/nav2_simple_navigation
copying nav2_simple_navigation/debug_yaw.py -> /home/huy/Downloads/project/build/nav2_simple_navigation/build/lib/nav2_simple_navigation
running install
running install_lib
creating /home/huy/Downloads/project/install/nav2_simple_navigation/lib/python3.12/site-packages/nav2_simple_navigation
copying /home/huy/Downloads/project/build/nav2_simple_navigation/build/lib/nav2_simple_navigation/square_nav.py -> /home/huy/Downloads/project/install/nav2_simple_navigation/lib/python3.12/site-packages/nav2_simple_navigation
copying /home/huy/Downloads/project/build/nav2_simple_navigation/build/lib/nav2_simple_navigation/bt_nav.py -> /home/huy/Downloads/project/install/nav2_simple_navigation/lib/python3.12/site-packages/nav2_simple_navigation
copying /home/huy/Downloads/project/build/nav2_simple_navigation/build/lib/nav2_simple_navigation/circle_nav.py -> /home/huy/Downloads/project/install/nav2_simple_navigation/lib/python3.12/site-packages/nav2_simple_navigation
copying /home/huy/Downloads/project/build/nav2_simple_navigation/build/lib/nav2_simple_navigation/__init__.py -> /home/huy/Downloads/project/install/nav2_simple_navigation/lib/python3.12/site-packages/nav2_simple_navigation
copying /home/huy/Downloads/project/build/nav2_simple_navigation/build/lib/nav2_simple_navigation/go_to_room.py -> /home/huy/Downloads/project/install/nav2_simple_navigation/lib/python3.12/site-packages/nav2_simple_navigation
copying /home/huy/Downloads/project/build/nav2_simple_navigation/build/lib/nav2_simple_navigation/debug_pose.py -> /home/huy/Downloads/project/install/nav2_simple_navigation/lib/python3.12/site-packages/nav2_simple_navigation
copying /home/huy/Downloads/project/build/nav2_simple_navigation/build/lib/nav2_simple_navigation/debug_yaw.py -> /home/huy/Downloads/project/install/nav2_simple_navigation/lib/python3.12/site-packages/nav2_simple_navigation
byte-compiling /home/huy/Downloads/project/install/nav2_simple_navigation/lib/python3.12/site-packages/nav2_simple_navigation/square_nav.py to square_nav.cpython-312.pyc
byte-compiling /home/huy/Downloads/project/install/nav2_simple_navigation/lib/python3.12/site-packages/nav2_simple_navigation/bt_nav.py to bt_nav.cpython-312.pyc
byte-compiling /home/huy/Downloads/project/install/nav2_simple_navigation/lib/python3.12/site-packages/nav2_simple_navigation/circle_nav.py to circle_nav.cpython-312.pyc
byte-compiling /home/huy/Downloads/project/install/nav2_simple_navigation/lib/python3.12/site-packages/nav2_simple_navigation/__init__.py to __init__.cpython-312.pyc
byte-compiling /home/huy/Downloads/project/install/nav2_simple_navigation/lib/python3.12/site-packages/nav2_simple_navigation/go_to_room.py to go_to_room.cpython-312.pyc
byte-compiling /home/huy/Downloads/project/install/nav2_simple_navigation/lib/python3.12/site-packages/nav2_simple_navigation/debug_pose.py to debug_pose.cpython-312.pyc
byte-compiling /home/huy/Downloads/project/install/nav2_simple_navigation/lib/python3.12/site-packages/nav2_simple_navigation/debug_yaw.py to debug_yaw.cpython-312.pyc
running install_data
creating /home/huy/Downloads/project/install/nav2_simple_navigation/share/ament_index
creating /home/huy/Downloads/project/install/nav2_simple_navigation/share/ament_index/resource_index
creating /home/huy/Downloads/project/install/nav2_simple_navigation/share/ament_index/resource_index/packages
copying resource/nav2_simple_navigation -> /home/huy/Downloads/project/install/nav2_simple_navigation/share/ament_index/resource_index/packages
copying package.xml -> /home/huy/Downloads/project/install/nav2_simple_navigation/share/nav2_simple_navigation
creating /home/huy/Downloads/project/install/nav2_simple_navigation/share/nav2_simple_navigation/launch
copying launch/nav2_control.launch.py -> /home/huy/Downloads/project/install/nav2_simple_navigation/share/nav2_simple_navigation/launch
copying launch/ekf.launch.py -> /home/huy/Downloads/project/install/nav2_simple_navigation/share/nav2_simple_navigation/launch
creating /home/huy/Downloads/project/install/nav2_simple_navigation/share/nav2_simple_navigation/config
copying config/nav2_params.yaml -> /home/huy/Downloads/project/install/nav2_simple_navigation/share/nav2_simple_navigation/config
copying config/hospital_map.yaml -> /home/huy/Downloads/project/install/nav2_simple_navigation/share/nav2_simple_navigation/config
copying config/ekf.yaml -> /home/huy/Downloads/project/install/nav2_simple_navigation/share/nav2_simple_navigation/config
copying config/rooms.yaml -> /home/huy/Downloads/project/install/nav2_simple_navigation/share/nav2_simple_navigation/config
copying config/nav2_params_wo_BT.yaml -> /home/huy/Downloads/project/install/nav2_simple_navigation/share/nav2_simple_navigation/config
copying config/mapper_params.yaml -> /home/huy/Downloads/project/install/nav2_simple_navigation/share/nav2_simple_navigation/config
copying config/hospital_map.pgm -> /home/huy/Downloads/project/install/nav2_simple_navigation/share/nav2_simple_navigation/config
running install_egg_info
Copying ../../build/nav2_simple_navigation/nav2_simple_navigation.egg-info to /home/huy/Downloads/project/install/nav2_simple_navigation/lib/python3.12/site-packages/nav2_simple_navigation-0.0.0-py3.12.egg-info
running install_scripts
Installing bt_nav script to /home/huy/Downloads/project/install/nav2_simple_navigation/lib/nav2_simple_navigation
Installing circle_nav script to /home/huy/Downloads/project/install/nav2_simple_navigation/lib/nav2_simple_navigation
Installing go_to_room script to /home/huy/Downloads/project/install/nav2_simple_navigation/lib/nav2_simple_navigation
Installing pose_debugger script to /home/huy/Downloads/project/install/nav2_simple_navigation/lib/nav2_simple_navigation
Installing square_nav script to /home/huy/Downloads/project/install/nav2_simple_navigation/lib/nav2_simple_navigation
Installing yaw_debugger script to /home/huy/Downloads/project/install/nav2_simple_navigation/lib/nav2_simple_navigation
writing list of installed files to '/home/huy/Downloads/project/build/nav2_simple_navigation/install.log'
