[0.924s] Invoking command in '/home/huy/Downloads/project/src/nav2_simple_navigation': DEBUGINFOD_URLS=https://debuginfod.ubuntu.com PYTHONPATH=/home/huy/Downloads/project/build/nav2_simple_navigation/prefix_override:/usr/lib/python3/dist-packages/colcon_core/task/python/colcon_distutils_commands:/home/huy/Downloads/project/install/nav2_simple_navigation/lib/python3.12/site-packages:${PYTHONPATH} /usr/bin/python3 -W ignore:setup.py install is deprecated -W ignore:easy_install command is deprecated setup.py egg_info --egg-base ../../build/nav2_simple_navigation build --build-base /home/huy/Downloads/project/build/nav2_simple_navigation/build install --record /home/huy/Downloads/project/build/nav2_simple_navigation/install.log --single-version-externally-managed install_data
[1.200s] running egg_info
[1.200s] creating ../../build/nav2_simple_navigation/nav2_simple_navigation.egg-info
[1.220s] writing ../../build/nav2_simple_navigation/nav2_simple_navigation.egg-info/PKG-INFO
[1.220s] writing dependency_links to ../../build/nav2_simple_navigation/nav2_simple_navigation.egg-info/dependency_links.txt
[1.220s] writing entry points to ../../build/nav2_simple_navigation/nav2_simple_navigation.egg-info/entry_points.txt
[1.221s] writing requirements to ../../build/nav2_simple_navigation/nav2_simple_navigation.egg-info/requires.txt
[1.221s] writing top-level names to ../../build/nav2_simple_navigation/nav2_simple_navigation.egg-info/top_level.txt
[1.221s] writing manifest file '../../build/nav2_simple_navigation/nav2_simple_navigation.egg-info/SOURCES.txt'
[1.262s] reading manifest file '../../build/nav2_simple_navigation/nav2_simple_navigation.egg-info/SOURCES.txt'
[1.263s] writing manifest file '../../build/nav2_simple_navigation/nav2_simple_navigation.egg-info/SOURCES.txt'
[1.263s] running build
[1.263s] running build_py
[1.263s] creating /home/huy/Downloads/project/build/nav2_simple_navigation/build
[1.263s] creating /home/huy/Downloads/project/build/nav2_simple_navigation/build/lib
[1.263s] creating /home/huy/Downloads/project/build/nav2_simple_navigation/build/lib/nav2_simple_navigation
[1.264s] copying nav2_simple_navigation/square_nav.py -> /home/huy/Downloads/project/build/nav2_simple_navigation/build/lib/nav2_simple_navigation
[1.264s] copying nav2_simple_navigation/bt_nav.py -> /home/huy/Downloads/project/build/nav2_simple_navigation/build/lib/nav2_simple_navigation
[1.264s] copying nav2_simple_navigation/circle_nav.py -> /home/huy/Downloads/project/build/nav2_simple_navigation/build/lib/nav2_simple_navigation
[1.264s] copying nav2_simple_navigation/__init__.py -> /home/huy/Downloads/project/build/nav2_simple_navigation/build/lib/nav2_simple_navigation
[1.264s] copying nav2_simple_navigation/go_to_room.py -> /home/huy/Downloads/project/build/nav2_simple_navigation/build/lib/nav2_simple_navigation
[1.264s] copying nav2_simple_navigation/debug_pose.py -> /home/huy/Downloads/project/build/nav2_simple_navigation/build/lib/nav2_simple_navigation
[1.264s] copying nav2_simple_navigation/debug_yaw.py -> /home/huy/Downloads/project/build/nav2_simple_navigation/build/lib/nav2_simple_navigation
[1.264s] running install
[1.270s] running install_lib
[1.289s] creating /home/huy/Downloads/project/install/nav2_simple_navigation/lib/python3.12/site-packages/nav2_simple_navigation
[1.289s] copying /home/huy/Downloads/project/build/nav2_simple_navigation/build/lib/nav2_simple_navigation/square_nav.py -> /home/huy/Downloads/project/install/nav2_simple_navigation/lib/python3.12/site-packages/nav2_simple_navigation
[1.289s] copying /home/huy/Downloads/project/build/nav2_simple_navigation/build/lib/nav2_simple_navigation/bt_nav.py -> /home/huy/Downloads/project/install/nav2_simple_navigation/lib/python3.12/site-packages/nav2_simple_navigation
[1.289s] copying /home/huy/Downloads/project/build/nav2_simple_navigation/build/lib/nav2_simple_navigation/circle_nav.py -> /home/huy/Downloads/project/install/nav2_simple_navigation/lib/python3.12/site-packages/nav2_simple_navigation
[1.289s] copying /home/huy/Downloads/project/build/nav2_simple_navigation/build/lib/nav2_simple_navigation/__init__.py -> /home/huy/Downloads/project/install/nav2_simple_navigation/lib/python3.12/site-packages/nav2_simple_navigation
[1.290s] copying /home/huy/Downloads/project/build/nav2_simple_navigation/build/lib/nav2_simple_navigation/go_to_room.py -> /home/huy/Downloads/project/install/nav2_simple_navigation/lib/python3.12/site-packages/nav2_simple_navigation
[1.290s] copying /home/huy/Downloads/project/build/nav2_simple_navigation/build/lib/nav2_simple_navigation/debug_pose.py -> /home/huy/Downloads/project/install/nav2_simple_navigation/lib/python3.12/site-packages/nav2_simple_navigation
[1.290s] copying /home/huy/Downloads/project/build/nav2_simple_navigation/build/lib/nav2_simple_navigation/debug_yaw.py -> /home/huy/Downloads/project/install/nav2_simple_navigation/lib/python3.12/site-packages/nav2_simple_navigation
[1.290s] byte-compiling /home/huy/Downloads/project/install/nav2_simple_navigation/lib/python3.12/site-packages/nav2_simple_navigation/square_nav.py to square_nav.cpython-312.pyc
[1.291s] byte-compiling /home/huy/Downloads/project/install/nav2_simple_navigation/lib/python3.12/site-packages/nav2_simple_navigation/bt_nav.py to bt_nav.cpython-312.pyc
[1.292s] byte-compiling /home/huy/Downloads/project/install/nav2_simple_navigation/lib/python3.12/site-packages/nav2_simple_navigation/circle_nav.py to circle_nav.cpython-312.pyc
[1.293s] byte-compiling /home/huy/Downloads/project/install/nav2_simple_navigation/lib/python3.12/site-packages/nav2_simple_navigation/__init__.py to __init__.cpython-312.pyc
[1.293s] byte-compiling /home/huy/Downloads/project/install/nav2_simple_navigation/lib/python3.12/site-packages/nav2_simple_navigation/go_to_room.py to go_to_room.cpython-312.pyc
[1.294s] byte-compiling /home/huy/Downloads/project/install/nav2_simple_navigation/lib/python3.12/site-packages/nav2_simple_navigation/debug_pose.py to debug_pose.cpython-312.pyc
[1.294s] byte-compiling /home/huy/Downloads/project/install/nav2_simple_navigation/lib/python3.12/site-packages/nav2_simple_navigation/debug_yaw.py to debug_yaw.cpython-312.pyc
[1.295s] running install_data
[1.295s] creating /home/huy/Downloads/project/install/nav2_simple_navigation/share/ament_index
[1.295s] creating /home/huy/Downloads/project/install/nav2_simple_navigation/share/ament_index/resource_index
[1.295s] creating /home/huy/Downloads/project/install/nav2_simple_navigation/share/ament_index/resource_index/packages
[1.295s] copying resource/nav2_simple_navigation -> /home/huy/Downloads/project/install/nav2_simple_navigation/share/ament_index/resource_index/packages
[1.295s] copying package.xml -> /home/huy/Downloads/project/install/nav2_simple_navigation/share/nav2_simple_navigation
[1.295s] creating /home/huy/Downloads/project/install/nav2_simple_navigation/share/nav2_simple_navigation/launch
[1.295s] copying launch/nav2_control.launch.py -> /home/huy/Downloads/project/install/nav2_simple_navigation/share/nav2_simple_navigation/launch
[1.295s] copying launch/ekf.launch.py -> /home/huy/Downloads/project/install/nav2_simple_navigation/share/nav2_simple_navigation/launch
[1.295s] creating /home/huy/Downloads/project/install/nav2_simple_navigation/share/nav2_simple_navigation/config
[1.295s] copying config/nav2_params.yaml -> /home/huy/Downloads/project/install/nav2_simple_navigation/share/nav2_simple_navigation/config
[1.296s] copying config/hospital_map.yaml -> /home/huy/Downloads/project/install/nav2_simple_navigation/share/nav2_simple_navigation/config
[1.296s] copying config/ekf.yaml -> /home/huy/Downloads/project/install/nav2_simple_navigation/share/nav2_simple_navigation/config
[1.296s] copying config/rooms.yaml -> /home/huy/Downloads/project/install/nav2_simple_navigation/share/nav2_simple_navigation/config
[1.296s] copying config/nav2_params_wo_BT.yaml -> /home/huy/Downloads/project/install/nav2_simple_navigation/share/nav2_simple_navigation/config
[1.296s] copying config/mapper_params.yaml -> /home/huy/Downloads/project/install/nav2_simple_navigation/share/nav2_simple_navigation/config
[1.296s] copying config/hospital_map.pgm -> /home/huy/Downloads/project/install/nav2_simple_navigation/share/nav2_simple_navigation/config
[1.297s] running install_egg_info
[1.320s] Copying ../../build/nav2_simple_navigation/nav2_simple_navigation.egg-info to /home/huy/Downloads/project/install/nav2_simple_navigation/lib/python3.12/site-packages/nav2_simple_navigation-0.0.0-py3.12.egg-info
[1.320s] running install_scripts
[1.457s] Installing bt_nav script to /home/huy/Downloads/project/install/nav2_simple_navigation/lib/nav2_simple_navigation
[1.458s] Installing circle_nav script to /home/huy/Downloads/project/install/nav2_simple_navigation/lib/nav2_simple_navigation
[1.458s] Installing go_to_room script to /home/huy/Downloads/project/install/nav2_simple_navigation/lib/nav2_simple_navigation
[1.458s] Installing pose_debugger script to /home/huy/Downloads/project/install/nav2_simple_navigation/lib/nav2_simple_navigation
[1.458s] Installing square_nav script to /home/huy/Downloads/project/install/nav2_simple_navigation/lib/nav2_simple_navigation
[1.458s] Installing yaw_debugger script to /home/huy/Downloads/project/install/nav2_simple_navigation/lib/nav2_simple_navigation
[1.458s] writing list of installed files to '/home/huy/Downloads/project/build/nav2_simple_navigation/install.log'
[1.512s] Invoked command in '/home/huy/Downloads/project/src/nav2_simple_navigation' returned '0': DEBUGINFOD_URLS=https://debuginfod.ubuntu.com PYTHONPATH=/home/huy/Downloads/project/build/nav2_simple_navigation/prefix_override:/usr/lib/python3/dist-packages/colcon_core/task/python/colcon_distutils_commands:/home/huy/Downloads/project/install/nav2_simple_navigation/lib/python3.12/site-packages:${PYTHONPATH} /usr/bin/python3 -W ignore:setup.py install is deprecated -W ignore:easy_install command is deprecated setup.py egg_info --egg-base ../../build/nav2_simple_navigation build --build-base /home/huy/Downloads/project/build/nav2_simple_navigation/build install --record /home/huy/Downloads/project/build/nav2_simple_navigation/install.log --single-version-externally-managed install_data
