[0.995s] Invoking command in '/home/huy/Downloads/project/src/nav2_simple_navigation': DEBUGINFOD_URLS=https://debuginfod.ubuntu.com PYTHONPATH=/home/huy/Downloads/project/build/nav2_simple_navigation/prefix_override:/usr/lib/python3/dist-packages/colcon_core/task/python/colcon_distutils_commands:/home/huy/Downloads/project/install/nav2_simple_navigation/lib/python3.12/site-packages:${PYTHONPATH} /usr/bin/python3 -W ignore:setup.py install is deprecated -W ignore:easy_install command is deprecated setup.py egg_info --egg-base ../../build/nav2_simple_navigation build --build-base /home/huy/Downloads/project/build/nav2_simple_navigation/build install --record /home/huy/Downloads/project/build/nav2_simple_navigation/install.log --single-version-externally-managed install_data
[1.342s] running egg_info
[1.365s] writing ../../build/nav2_simple_navigation/nav2_simple_navigation.egg-info/PKG-INFO
[1.366s] writing dependency_links to ../../build/nav2_simple_navigation/nav2_simple_navigation.egg-info/dependency_links.txt
[1.366s] writing entry points to ../../build/nav2_simple_navigation/nav2_simple_navigation.egg-info/entry_points.txt
[1.366s] writing requirements to ../../build/nav2_simple_navigation/nav2_simple_navigation.egg-info/requires.txt
[1.366s] writing top-level names to ../../build/nav2_simple_navigation/nav2_simple_navigation.egg-info/top_level.txt
[1.414s] reading manifest file '../../build/nav2_simple_navigation/nav2_simple_navigation.egg-info/SOURCES.txt'
[1.415s] writing manifest file '../../build/nav2_simple_navigation/nav2_simple_navigation.egg-info/SOURCES.txt'
[1.416s] running build
[1.416s] running build_py
[1.416s] running install
[1.429s] running install_lib
[1.454s] running install_data
[1.454s] running install_egg_info
[1.480s] removing '/home/huy/Downloads/project/install/nav2_simple_navigation/lib/python3.12/site-packages/nav2_simple_navigation-0.0.0-py3.12.egg-info' (and everything under it)
[1.480s] Copying ../../build/nav2_simple_navigation/nav2_simple_navigation.egg-info to /home/huy/Downloads/project/install/nav2_simple_navigation/lib/python3.12/site-packages/nav2_simple_navigation-0.0.0-py3.12.egg-info
[1.481s] running install_scripts
[1.641s] Installing bt_nav script to /home/huy/Downloads/project/install/nav2_simple_navigation/lib/nav2_simple_navigation
[1.641s] Installing circle_nav script to /home/huy/Downloads/project/install/nav2_simple_navigation/lib/nav2_simple_navigation
[1.641s] Installing go_to_room script to /home/huy/Downloads/project/install/nav2_simple_navigation/lib/nav2_simple_navigation
[1.641s] Installing go_to_rooms script to /home/huy/Downloads/project/install/nav2_simple_navigation/lib/nav2_simple_navigation
[1.642s] Installing pose_debugger script to /home/huy/Downloads/project/install/nav2_simple_navigation/lib/nav2_simple_navigation
[1.642s] Installing square_nav script to /home/huy/Downloads/project/install/nav2_simple_navigation/lib/nav2_simple_navigation
[1.642s] Installing yaw_debugger script to /home/huy/Downloads/project/install/nav2_simple_navigation/lib/nav2_simple_navigation
[1.643s] writing list of installed files to '/home/huy/Downloads/project/build/nav2_simple_navigation/install.log'
[1.711s] Invoked command in '/home/huy/Downloads/project/src/nav2_simple_navigation' returned '0': DEBUGINFOD_URLS=https://debuginfod.ubuntu.com PYTHONPATH=/home/huy/Downloads/project/build/nav2_simple_navigation/prefix_override:/usr/lib/python3/dist-packages/colcon_core/task/python/colcon_distutils_commands:/home/huy/Downloads/project/install/nav2_simple_navigation/lib/python3.12/site-packages:${PYTHONPATH} /usr/bin/python3 -W ignore:setup.py install is deprecated -W ignore:easy_install command is deprecated setup.py egg_info --egg-base ../../build/nav2_simple_navigation build --build-base /home/huy/Downloads/project/build/nav2_simple_navigation/build install --record /home/huy/Downloads/project/build/nav2_simple_navigation/install.log --single-version-externally-managed install_data
