[0.091s] DEBUG:colcon:Command line arguments: ['/usr/bin/colcon', 'build']
[0.091s] DEBUG:colcon:Parsed command line arguments: Namespace(log_base=None, log_level=None, verb_name='build', build_base='build', install_base='install', merge_install=False, symlink_install=False, test_result_base=None, continue_on_error=False, executor='parallel', parallel_workers=16, event_handlers=None, ignore_user_meta=False, metas=['./colcon.meta'], base_paths=['.'], packages_ignore=None, packages_ignore_regex=None, paths=None, packages_up_to=None, packages_up_to_regex=None, packages_above=None, packages_above_and_dependencies=None, packages_above_depth=None, packages_select_by_dep=None, packages_skip_by_dep=None, packages_skip_up_to=None, packages_select_build_failed=False, packages_skip_build_finished=False, packages_select_test_failures=False, packages_skip_test_passed=False, packages_select=None, packages_skip=None, packages_select_regex=None, packages_skip_regex=None, packages_start=None, packages_end=None, allow_overriding=[], cmake_args=None, cmake_target=None, cmake_target_skip_unavailable=False, cmake_clean_cache=False, cmake_clean_first=False, cmake_force_configure=False, ament_cmake_args=None, catkin_cmake_args=None, catkin_skip_building_tests=False, mixin_files=None, mixin=None, verb_parser=<colcon_mixin.mixin.mixin_argument.MixinArgumentDecorator object at 0x7f7c05499190>, verb_extension=<colcon_core.verb.build.BuildVerb object at 0x7f7c055dd280>, main=<bound method BuildVerb.main of <colcon_core.verb.build.BuildVerb object at 0x7f7c055dd280>>, mixin_verb=('build',))
[0.121s] Level 1:colcon.colcon_core.package_discovery:discover_packages(colcon_meta) check parameters
[0.122s] Level 1:colcon.colcon_core.package_discovery:discover_packages(recursive) check parameters
[0.122s] Level 1:colcon.colcon_core.package_discovery:discover_packages(ignore) check parameters
[0.122s] Level 1:colcon.colcon_core.package_discovery:discover_packages(path) check parameters
[0.122s] Level 1:colcon.colcon_core.package_discovery:discover_packages(colcon_meta) discover
[0.122s] Level 1:colcon.colcon_core.package_discovery:discover_packages(recursive) discover
[0.122s] INFO:colcon.colcon_core.package_discovery:Crawling recursively for packages in '/home/huy/Downloads/project'
[0.122s] Level 1:colcon.colcon_core.package_identification:_identify(.) by extensions ['ignore', 'ignore_ament_install']
[0.122s] Level 1:colcon.colcon_core.package_identification:_identify(.) by extension 'ignore'
[0.122s] Level 1:colcon.colcon_core.package_identification:_identify(.) by extension 'ignore_ament_install'
[0.122s] Level 1:colcon.colcon_core.package_identification:_identify(.) by extensions ['colcon_pkg']
[0.122s] Level 1:colcon.colcon_core.package_identification:_identify(.) by extension 'colcon_pkg'
[0.122s] Level 1:colcon.colcon_core.package_identification:_identify(.) by extensions ['colcon_meta']
[0.122s] Level 1:colcon.colcon_core.package_identification:_identify(.) by extension 'colcon_meta'
[0.122s] Level 1:colcon.colcon_core.package_identification:_identify(.) by extensions ['ros']
[0.122s] Level 1:colcon.colcon_core.package_identification:_identify(.) by extension 'ros'
[0.144s] Level 1:colcon.colcon_core.package_identification:_identify(.) by extensions ['cmake', 'python']
[0.144s] Level 1:colcon.colcon_core.package_identification:_identify(.) by extension 'cmake'
[0.144s] Level 1:colcon.colcon_core.package_identification:_identify(.) by extension 'python'
[0.144s] Level 1:colcon.colcon_core.package_identification:_identify(.) by extensions ['python_setup_py']
[0.144s] Level 1:colcon.colcon_core.package_identification:_identify(.) by extension 'python_setup_py'
[0.144s] Level 1:colcon.colcon_core.package_identification:_identify(build) by extensions ['ignore', 'ignore_ament_install']
[0.144s] Level 1:colcon.colcon_core.package_identification:_identify(build) by extension 'ignore'
[0.144s] Level 1:colcon.colcon_core.package_identification:_identify(build) ignored
[0.145s] Level 1:colcon.colcon_core.package_identification:_identify(install) by extensions ['ignore', 'ignore_ament_install']
[0.145s] Level 1:colcon.colcon_core.package_identification:_identify(install) by extension 'ignore'
[0.145s] Level 1:colcon.colcon_core.package_identification:_identify(install) ignored
[0.145s] Level 1:colcon.colcon_core.package_identification:_identify(log) by extensions ['ignore', 'ignore_ament_install']
[0.145s] Level 1:colcon.colcon_core.package_identification:_identify(log) by extension 'ignore'
[0.145s] Level 1:colcon.colcon_core.package_identification:_identify(log) ignored
[0.145s] Level 1:colcon.colcon_core.package_identification:_identify(src) by extensions ['ignore', 'ignore_ament_install']
[0.145s] Level 1:colcon.colcon_core.package_identification:_identify(src) by extension 'ignore'
[0.145s] Level 1:colcon.colcon_core.package_identification:_identify(src) by extension 'ignore_ament_install'
[0.145s] Level 1:colcon.colcon_core.package_identification:_identify(src) by extensions ['colcon_pkg']
[0.145s] Level 1:colcon.colcon_core.package_identification:_identify(src) by extension 'colcon_pkg'
[0.145s] Level 1:colcon.colcon_core.package_identification:_identify(src) by extensions ['colcon_meta']
[0.145s] Level 1:colcon.colcon_core.package_identification:_identify(src) by extension 'colcon_meta'
[0.145s] Level 1:colcon.colcon_core.package_identification:_identify(src) by extensions ['ros']
[0.145s] Level 1:colcon.colcon_core.package_identification:_identify(src) by extension 'ros'
[0.145s] Level 1:colcon.colcon_core.package_identification:_identify(src) by extensions ['cmake', 'python']
[0.145s] Level 1:colcon.colcon_core.package_identification:_identify(src) by extension 'cmake'
[0.145s] Level 1:colcon.colcon_core.package_identification:_identify(src) by extension 'python'
[0.145s] Level 1:colcon.colcon_core.package_identification:_identify(src) by extensions ['python_setup_py']
[0.145s] Level 1:colcon.colcon_core.package_identification:_identify(src) by extension 'python_setup_py'
[0.145s] Level 1:colcon.colcon_core.package_identification:_identify(src/nav2_simple_navigation) by extensions ['ignore', 'ignore_ament_install']
[0.145s] Level 1:colcon.colcon_core.package_identification:_identify(src/nav2_simple_navigation) by extension 'ignore'
[0.146s] Level 1:colcon.colcon_core.package_identification:_identify(src/nav2_simple_navigation) by extension 'ignore_ament_install'
[0.146s] Level 1:colcon.colcon_core.package_identification:_identify(src/nav2_simple_navigation) by extensions ['colcon_pkg']
[0.146s] Level 1:colcon.colcon_core.package_identification:_identify(src/nav2_simple_navigation) by extension 'colcon_pkg'
[0.146s] Level 1:colcon.colcon_core.package_identification:_identify(src/nav2_simple_navigation) by extensions ['colcon_meta']
[0.146s] Level 1:colcon.colcon_core.package_identification:_identify(src/nav2_simple_navigation) by extension 'colcon_meta'
[0.146s] Level 1:colcon.colcon_core.package_identification:_identify(src/nav2_simple_navigation) by extensions ['ros']
[0.146s] Level 1:colcon.colcon_core.package_identification:_identify(src/nav2_simple_navigation) by extension 'ros'
[0.148s] DEBUG:colcon.colcon_core.package_identification:Package 'src/nav2_simple_navigation' with type 'ros.ament_python' and name 'nav2_simple_navigation'
[0.148s] Level 1:colcon.colcon_core.package_identification:_identify(src/robot_omni) by extensions ['ignore', 'ignore_ament_install']
[0.148s] Level 1:colcon.colcon_core.package_identification:_identify(src/robot_omni) by extension 'ignore'
[0.148s] Level 1:colcon.colcon_core.package_identification:_identify(src/robot_omni) by extension 'ignore_ament_install'
[0.148s] Level 1:colcon.colcon_core.package_identification:_identify(src/robot_omni) by extensions ['colcon_pkg']
[0.148s] Level 1:colcon.colcon_core.package_identification:_identify(src/robot_omni) by extension 'colcon_pkg'
[0.148s] Level 1:colcon.colcon_core.package_identification:_identify(src/robot_omni) by extensions ['colcon_meta']
[0.148s] Level 1:colcon.colcon_core.package_identification:_identify(src/robot_omni) by extension 'colcon_meta'
[0.148s] Level 1:colcon.colcon_core.package_identification:_identify(src/robot_omni) by extensions ['ros']
[0.148s] Level 1:colcon.colcon_core.package_identification:_identify(src/robot_omni) by extension 'ros'
[0.149s] DEBUG:colcon.colcon_core.package_identification:Package 'src/robot_omni' with type 'ros.ament_cmake' and name 'robot_omni'
[0.149s] Level 1:colcon.colcon_core.package_discovery:discover_packages(recursive) using defaults
[0.149s] Level 1:colcon.colcon_core.package_discovery:discover_packages(ignore) discover
[0.149s] Level 1:colcon.colcon_core.package_discovery:discover_packages(ignore) using defaults
[0.149s] Level 1:colcon.colcon_core.package_discovery:discover_packages(path) discover
[0.149s] Level 1:colcon.colcon_core.package_discovery:discover_packages(path) using defaults
[0.167s] Level 1:colcon.colcon_core.package_discovery:discover_packages(prefix_path) check parameters
[0.167s] Level 1:colcon.colcon_core.package_discovery:discover_packages(prefix_path) discover
[0.171s] DEBUG:colcon.colcon_installed_package_information.package_discovery:Found 450 installed packages in /opt/ros/jazzy
[0.173s] Level 1:colcon.colcon_core.package_discovery:discover_packages(prefix_path) using defaults
[0.235s] Level 5:colcon.colcon_core.verb:set package 'nav2_simple_navigation' build argument 'cmake_args' from command line to 'None'
[0.235s] Level 5:colcon.colcon_core.verb:set package 'nav2_simple_navigation' build argument 'cmake_target' from command line to 'None'
[0.235s] Level 5:colcon.colcon_core.verb:set package 'nav2_simple_navigation' build argument 'cmake_target_skip_unavailable' from command line to 'False'
[0.235s] Level 5:colcon.colcon_core.verb:set package 'nav2_simple_navigation' build argument 'cmake_clean_cache' from command line to 'False'
[0.235s] Level 5:colcon.colcon_core.verb:set package 'nav2_simple_navigation' build argument 'cmake_clean_first' from command line to 'False'
[0.235s] Level 5:colcon.colcon_core.verb:set package 'nav2_simple_navigation' build argument 'cmake_force_configure' from command line to 'False'
[0.235s] Level 5:colcon.colcon_core.verb:set package 'nav2_simple_navigation' build argument 'ament_cmake_args' from command line to 'None'
[0.235s] Level 5:colcon.colcon_core.verb:set package 'nav2_simple_navigation' build argument 'catkin_cmake_args' from command line to 'None'
[0.235s] Level 5:colcon.colcon_core.verb:set package 'nav2_simple_navigation' build argument 'catkin_skip_building_tests' from command line to 'False'
[0.235s] DEBUG:colcon.colcon_core.verb:Building package 'nav2_simple_navigation' with the following arguments: {'ament_cmake_args': None, 'build_base': '/home/huy/Downloads/project/build/nav2_simple_navigation', 'catkin_cmake_args': None, 'catkin_skip_building_tests': False, 'cmake_args': None, 'cmake_clean_cache': False, 'cmake_clean_first': False, 'cmake_force_configure': False, 'cmake_target': None, 'cmake_target_skip_unavailable': False, 'install_base': '/home/huy/Downloads/project/install/nav2_simple_navigation', 'merge_install': False, 'path': '/home/huy/Downloads/project/src/nav2_simple_navigation', 'symlink_install': False, 'test_result_base': None}
[0.235s] Level 5:colcon.colcon_core.verb:set package 'robot_omni' build argument 'cmake_args' from command line to 'None'
[0.235s] Level 5:colcon.colcon_core.verb:set package 'robot_omni' build argument 'cmake_target' from command line to 'None'
[0.235s] Level 5:colcon.colcon_core.verb:set package 'robot_omni' build argument 'cmake_target_skip_unavailable' from command line to 'False'
[0.235s] Level 5:colcon.colcon_core.verb:set package 'robot_omni' build argument 'cmake_clean_cache' from command line to 'False'
[0.236s] Level 5:colcon.colcon_core.verb:set package 'robot_omni' build argument 'cmake_clean_first' from command line to 'False'
[0.236s] Level 5:colcon.colcon_core.verb:set package 'robot_omni' build argument 'cmake_force_configure' from command line to 'False'
[0.236s] Level 5:colcon.colcon_core.verb:set package 'robot_omni' build argument 'ament_cmake_args' from command line to 'None'
[0.236s] Level 5:colcon.colcon_core.verb:set package 'robot_omni' build argument 'catkin_cmake_args' from command line to 'None'
[0.236s] Level 5:colcon.colcon_core.verb:set package 'robot_omni' build argument 'catkin_skip_building_tests' from command line to 'False'
[0.236s] DEBUG:colcon.colcon_core.verb:Building package 'robot_omni' with the following arguments: {'ament_cmake_args': None, 'build_base': '/home/huy/Downloads/project/build/robot_omni', 'catkin_cmake_args': None, 'catkin_skip_building_tests': False, 'cmake_args': None, 'cmake_clean_cache': False, 'cmake_clean_first': False, 'cmake_force_configure': False, 'cmake_target': None, 'cmake_target_skip_unavailable': False, 'install_base': '/home/huy/Downloads/project/install/robot_omni', 'merge_install': False, 'path': '/home/huy/Downloads/project/src/robot_omni', 'symlink_install': False, 'test_result_base': None}
[0.236s] INFO:colcon.colcon_core.executor:Executing jobs using 'parallel' executor
[0.237s] DEBUG:colcon.colcon_parallel_executor.executor.parallel:run_until_complete
[0.237s] INFO:colcon.colcon_ros.task.ament_python.build:Building ROS package in '/home/huy/Downloads/project/src/nav2_simple_navigation' with build type 'ament_python'
[0.237s] Level 1:colcon.colcon_core.shell:create_environment_hook('nav2_simple_navigation', 'ament_prefix_path')
[0.239s] INFO:colcon.colcon_core.plugin_system:Skipping extension 'colcon_core.shell.bat': Not used on non-Windows systems
[0.239s] INFO:colcon.colcon_core.shell:Creating environment hook '/home/huy/Downloads/project/install/nav2_simple_navigation/share/nav2_simple_navigation/hook/ament_prefix_path.ps1'
[0.240s] INFO:colcon.colcon_core.shell:Creating environment descriptor '/home/huy/Downloads/project/install/nav2_simple_navigation/share/nav2_simple_navigation/hook/ament_prefix_path.dsv'
[0.240s] INFO:colcon.colcon_core.shell:Creating environment hook '/home/huy/Downloads/project/install/nav2_simple_navigation/share/nav2_simple_navigation/hook/ament_prefix_path.sh'
[0.241s] INFO:colcon.colcon_core.shell:Skip shell extension 'powershell' for command environment: Not usable outside of PowerShell
[0.241s] DEBUG:colcon.colcon_core.shell:Skip shell extension 'dsv' for command environment
[0.244s] INFO:colcon.colcon_ros.task.ament_cmake.build:Building ROS package in '/home/huy/Downloads/project/src/robot_omni' with build type 'ament_cmake'
[0.245s] INFO:colcon.colcon_cmake.task.cmake.build:Building CMake package in '/home/huy/Downloads/project/src/robot_omni'
[0.245s] INFO:colcon.colcon_core.shell:Skip shell extension 'powershell' for command environment: Not usable outside of PowerShell
[0.245s] DEBUG:colcon.colcon_core.shell:Skip shell extension 'dsv' for command environment
[0.455s] INFO:colcon.colcon_core.task.python.build:Building Python package in '/home/huy/Downloads/project/src/nav2_simple_navigation'
[0.455s] INFO:colcon.colcon_core.shell:Skip shell extension 'powershell' for command environment: Not usable outside of PowerShell
[0.455s] DEBUG:colcon.colcon_core.shell:Skip shell extension 'dsv' for command environment
[0.462s] DEBUG:colcon.colcon_core.event_handler.log_command:Invoking command in '/home/huy/Downloads/project/build/robot_omni': CMAKE_PREFIX_PATH=${CMAKE_PREFIX_PATH}:/opt/ros/jazzy DEBUGINFOD_URLS=https://debuginfod.ubuntu.com /usr/bin/cmake --build /home/huy/Downloads/project/build/robot_omni -- -j16 -l16
[0.496s] DEBUG:colcon.colcon_core.event_handler.log_command:Invoked command in '/home/huy/Downloads/project/build/robot_omni' returned '0': CMAKE_PREFIX_PATH=${CMAKE_PREFIX_PATH}:/opt/ros/jazzy DEBUGINFOD_URLS=https://debuginfod.ubuntu.com /usr/bin/cmake --build /home/huy/Downloads/project/build/robot_omni -- -j16 -l16
[0.504s] DEBUG:colcon.colcon_core.event_handler.log_command:Invoking command in '/home/huy/Downloads/project/build/robot_omni': CMAKE_PREFIX_PATH=${CMAKE_PREFIX_PATH}:/opt/ros/jazzy DEBUGINFOD_URLS=https://debuginfod.ubuntu.com /usr/bin/cmake --install /home/huy/Downloads/project/build/robot_omni
[0.536s] Level 1:colcon.colcon_core.environment:create_environment_scripts_only(robot_omni)
[0.539s] Level 1:colcon.colcon_core.environment:checking '/home/huy/Downloads/project/install/robot_omni' for CMake module files
[0.540s] Level 1:colcon.colcon_core.environment:checking '/home/huy/Downloads/project/install/robot_omni' for CMake config files
[0.563s] Level 1:colcon.colcon_core.shell:create_environment_hook('robot_omni', 'cmake_prefix_path')
[0.563s] INFO:colcon.colcon_core.shell:Creating environment hook '/home/huy/Downloads/project/install/robot_omni/share/robot_omni/hook/cmake_prefix_path.ps1'
[0.564s] INFO:colcon.colcon_core.shell:Creating environment descriptor '/home/huy/Downloads/project/install/robot_omni/share/robot_omni/hook/cmake_prefix_path.dsv'
[0.564s] INFO:colcon.colcon_core.shell:Creating environment hook '/home/huy/Downloads/project/install/robot_omni/share/robot_omni/hook/cmake_prefix_path.sh'
[0.565s] Level 1:colcon.colcon_core.environment:checking '/home/huy/Downloads/project/install/robot_omni/bin'
[0.565s] Level 1:colcon.colcon_core.environment:checking '/home/huy/Downloads/project/install/robot_omni/lib/pkgconfig/robot_omni.pc'
[0.565s] Level 1:colcon.colcon_core.environment:checking '/home/huy/Downloads/project/install/robot_omni/lib/python3.12/site-packages'
[0.566s] Level 1:colcon.colcon_core.environment:checking '/home/huy/Downloads/project/install/robot_omni/bin'
[0.566s] INFO:colcon.colcon_core.shell:Creating package script '/home/huy/Downloads/project/install/robot_omni/share/robot_omni/package.ps1'
[0.567s] INFO:colcon.colcon_core.shell:Creating package descriptor '/home/huy/Downloads/project/install/robot_omni/share/robot_omni/package.dsv'
[0.567s] INFO:colcon.colcon_core.shell:Creating package script '/home/huy/Downloads/project/install/robot_omni/share/robot_omni/package.sh'
[0.568s] INFO:colcon.colcon_core.shell:Creating package script '/home/huy/Downloads/project/install/robot_omni/share/robot_omni/package.bash'
[0.569s] INFO:colcon.colcon_core.shell:Creating package script '/home/huy/Downloads/project/install/robot_omni/share/robot_omni/package.zsh'
[0.569s] Level 1:colcon.colcon_core.environment:create_file_with_runtime_dependencies(/home/huy/Downloads/project/install/robot_omni/share/colcon-core/packages/robot_omni)
[0.570s] Level 1:colcon.colcon_core.environment:create_environment_scripts_only(robot_omni)
[0.570s] Level 1:colcon.colcon_core.environment:checking '/home/huy/Downloads/project/install/robot_omni' for CMake module files
[0.571s] Level 1:colcon.colcon_core.environment:checking '/home/huy/Downloads/project/install/robot_omni' for CMake config files
[0.597s] Level 1:colcon.colcon_core.shell:create_environment_hook('robot_omni', 'cmake_prefix_path')
[0.597s] INFO:colcon.colcon_core.shell:Creating environment hook '/home/huy/Downloads/project/install/robot_omni/share/robot_omni/hook/cmake_prefix_path.ps1'
[0.597s] INFO:colcon.colcon_core.shell:Creating environment descriptor '/home/huy/Downloads/project/install/robot_omni/share/robot_omni/hook/cmake_prefix_path.dsv'
[0.598s] INFO:colcon.colcon_core.shell:Creating environment hook '/home/huy/Downloads/project/install/robot_omni/share/robot_omni/hook/cmake_prefix_path.sh'
[0.599s] Level 1:colcon.colcon_core.environment:checking '/home/huy/Downloads/project/install/robot_omni/bin'
[0.599s] Level 1:colcon.colcon_core.environment:checking '/home/huy/Downloads/project/install/robot_omni/lib/pkgconfig/robot_omni.pc'
[0.599s] Level 1:colcon.colcon_core.environment:checking '/home/huy/Downloads/project/install/robot_omni/lib/python3.12/site-packages'
[0.599s] Level 1:colcon.colcon_core.environment:checking '/home/huy/Downloads/project/install/robot_omni/bin'
[0.599s] INFO:colcon.colcon_core.shell:Creating package script '/home/huy/Downloads/project/install/robot_omni/share/robot_omni/package.ps1'
[0.600s] INFO:colcon.colcon_core.shell:Creating package descriptor '/home/huy/Downloads/project/install/robot_omni/share/robot_omni/package.dsv'
[0.601s] INFO:colcon.colcon_core.shell:Creating package script '/home/huy/Downloads/project/install/robot_omni/share/robot_omni/package.sh'
[0.601s] INFO:colcon.colcon_core.shell:Creating package script '/home/huy/Downloads/project/install/robot_omni/share/robot_omni/package.bash'
[0.602s] INFO:colcon.colcon_core.shell:Creating package script '/home/huy/Downloads/project/install/robot_omni/share/robot_omni/package.zsh'
[0.602s] Level 1:colcon.colcon_core.environment:create_file_with_runtime_dependencies(/home/huy/Downloads/project/install/robot_omni/share/colcon-core/packages/robot_omni)
[0.622s] DEBUG:colcon.colcon_core.event_handler.log_command:Invoked command in '/home/huy/Downloads/project/build/robot_omni' returned '0': CMAKE_PREFIX_PATH=${CMAKE_PREFIX_PATH}:/opt/ros/jazzy DEBUGINFOD_URLS=https://debuginfod.ubuntu.com /usr/bin/cmake --install /home/huy/Downloads/project/build/robot_omni
[1.044s] DEBUG:colcon.colcon_core.event_handler.log_command:Invoking command in '/home/huy/Downloads/project/src/nav2_simple_navigation': DEBUGINFOD_URLS=https://debuginfod.ubuntu.com PYTHONPATH=/home/huy/Downloads/project/build/nav2_simple_navigation/prefix_override:/usr/lib/python3/dist-packages/colcon_core/task/python/colcon_distutils_commands:/home/huy/Downloads/project/install/nav2_simple_navigation/lib/python3.12/site-packages:${PYTHONPATH} /usr/bin/python3 -W ignore:setup.py install is deprecated -W ignore:easy_install command is deprecated setup.py egg_info --egg-base ../../build/nav2_simple_navigation build --build-base /home/huy/Downloads/project/build/nav2_simple_navigation/build install --record /home/huy/Downloads/project/build/nav2_simple_navigation/install.log --single-version-externally-managed install_data
[1.570s] Level 1:colcon.colcon_core.environment:checking '/home/huy/Downloads/project/install/nav2_simple_navigation' for CMake module files
[1.571s] DEBUG:colcon.colcon_core.event_handler.log_command:Invoked command in '/home/huy/Downloads/project/src/nav2_simple_navigation' returned '0': DEBUGINFOD_URLS=https://debuginfod.ubuntu.com PYTHONPATH=/home/huy/Downloads/project/build/nav2_simple_navigation/prefix_override:/usr/lib/python3/dist-packages/colcon_core/task/python/colcon_distutils_commands:/home/huy/Downloads/project/install/nav2_simple_navigation/lib/python3.12/site-packages:${PYTHONPATH} /usr/bin/python3 -W ignore:setup.py install is deprecated -W ignore:easy_install command is deprecated setup.py egg_info --egg-base ../../build/nav2_simple_navigation build --build-base /home/huy/Downloads/project/build/nav2_simple_navigation/build install --record /home/huy/Downloads/project/build/nav2_simple_navigation/install.log --single-version-externally-managed install_data
[1.571s] Level 1:colcon.colcon_core.environment:checking '/home/huy/Downloads/project/install/nav2_simple_navigation' for CMake config files
[1.571s] Level 1:colcon.colcon_core.environment:checking '/home/huy/Downloads/project/install/nav2_simple_navigation/lib'
[1.571s] Level 1:colcon.colcon_core.environment:checking '/home/huy/Downloads/project/install/nav2_simple_navigation/bin'
[1.571s] Level 1:colcon.colcon_core.environment:checking '/home/huy/Downloads/project/install/nav2_simple_navigation/lib/pkgconfig/nav2_simple_navigation.pc'
[1.571s] Level 1:colcon.colcon_core.environment:checking '/home/huy/Downloads/project/install/nav2_simple_navigation/lib/python3.12/site-packages'
[1.572s] Level 1:colcon.colcon_core.shell:create_environment_hook('nav2_simple_navigation', 'pythonpath')
[1.572s] INFO:colcon.colcon_core.shell:Creating environment hook '/home/huy/Downloads/project/install/nav2_simple_navigation/share/nav2_simple_navigation/hook/pythonpath.ps1'
[1.572s] INFO:colcon.colcon_core.shell:Creating environment descriptor '/home/huy/Downloads/project/install/nav2_simple_navigation/share/nav2_simple_navigation/hook/pythonpath.dsv'
[1.572s] INFO:colcon.colcon_core.shell:Creating environment hook '/home/huy/Downloads/project/install/nav2_simple_navigation/share/nav2_simple_navigation/hook/pythonpath.sh'
[1.573s] Level 1:colcon.colcon_core.environment:checking '/home/huy/Downloads/project/install/nav2_simple_navigation/bin'
[1.573s] Level 1:colcon.colcon_core.environment:create_environment_scripts_only(nav2_simple_navigation)
[1.573s] INFO:colcon.colcon_core.shell:Creating package script '/home/huy/Downloads/project/install/nav2_simple_navigation/share/nav2_simple_navigation/package.ps1'
[1.573s] INFO:colcon.colcon_core.shell:Creating package descriptor '/home/huy/Downloads/project/install/nav2_simple_navigation/share/nav2_simple_navigation/package.dsv'
[1.574s] INFO:colcon.colcon_core.shell:Creating package script '/home/huy/Downloads/project/install/nav2_simple_navigation/share/nav2_simple_navigation/package.sh'
[1.574s] INFO:colcon.colcon_core.shell:Creating package script '/home/huy/Downloads/project/install/nav2_simple_navigation/share/nav2_simple_navigation/package.bash'
[1.574s] INFO:colcon.colcon_core.shell:Creating package script '/home/huy/Downloads/project/install/nav2_simple_navigation/share/nav2_simple_navigation/package.zsh'
[1.574s] Level 1:colcon.colcon_core.environment:create_file_with_runtime_dependencies(/home/huy/Downloads/project/install/nav2_simple_navigation/share/colcon-core/packages/nav2_simple_navigation)
[1.574s] DEBUG:colcon.colcon_parallel_executor.executor.parallel:closing loop
[1.575s] DEBUG:colcon.colcon_parallel_executor.executor.parallel:loop closed
[1.575s] DEBUG:colcon.colcon_parallel_executor.executor.parallel:run_until_complete finished with '0'
[1.575s] DEBUG:colcon.colcon_core.event_reactor:joining thread
[1.581s] INFO:colcon.colcon_core.plugin_system:Skipping extension 'colcon_notification.desktop_notification.terminal_notifier': Not used on non-Darwin systems
[1.581s] INFO:colcon.colcon_core.plugin_system:Skipping extension 'colcon_notification.desktop_notification.win32': Not used on non-Windows systems
[1.581s] INFO:colcon.colcon_notification.desktop_notification:Sending desktop notification using 'notify2'
[1.592s] DEBUG:colcon.colcon_core.event_reactor:joined thread
[1.592s] INFO:colcon.colcon_core.shell:Creating prefix script '/home/huy/Downloads/project/install/local_setup.ps1'
[1.593s] INFO:colcon.colcon_core.shell:Creating prefix util module '/home/huy/Downloads/project/install/_local_setup_util_ps1.py'
[1.594s] INFO:colcon.colcon_core.shell:Creating prefix chain script '/home/huy/Downloads/project/install/setup.ps1'
[1.595s] INFO:colcon.colcon_core.shell:Creating prefix script '/home/huy/Downloads/project/install/local_setup.sh'
[1.596s] INFO:colcon.colcon_core.shell:Creating prefix util module '/home/huy/Downloads/project/install/_local_setup_util_sh.py'
[1.596s] INFO:colcon.colcon_core.shell:Creating prefix chain script '/home/huy/Downloads/project/install/setup.sh'
[1.597s] INFO:colcon.colcon_core.shell:Creating prefix script '/home/huy/Downloads/project/install/local_setup.bash'
[1.598s] INFO:colcon.colcon_core.shell:Creating prefix chain script '/home/huy/Downloads/project/install/setup.bash'
[1.598s] INFO:colcon.colcon_core.shell:Creating prefix script '/home/huy/Downloads/project/install/local_setup.zsh'
[1.598s] INFO:colcon.colcon_core.shell:Creating prefix chain script '/home/huy/Downloads/project/install/setup.zsh'
