[0.076s] DEBUG:colcon:Command line arguments: ['/usr/bin/colcon', 'build', '--packages-select', 'robot_omni']
[0.076s] DEBUG:colcon:Parsed command line arguments: Namespace(log_base=None, log_level=None, verb_name='build', build_base='build', install_base='install', merge_install=False, symlink_install=False, test_result_base=None, continue_on_error=False, executor='parallel', parallel_workers=16, event_handlers=None, ignore_user_meta=False, metas=['./colcon.meta'], base_paths=['.'], packages_ignore=None, packages_ignore_regex=None, paths=None, packages_up_to=None, packages_up_to_regex=None, packages_above=None, packages_above_and_dependencies=None, packages_above_depth=None, packages_select_by_dep=None, packages_skip_by_dep=None, packages_skip_up_to=None, packages_select_build_failed=False, packages_skip_build_finished=False, packages_select_test_failures=False, packages_skip_test_passed=False, packages_select=['robot_omni'], packages_skip=None, packages_select_regex=None, packages_skip_regex=None, packages_start=None, packages_end=None, allow_overriding=[], cmake_args=None, cmake_target=None, cmake_target_skip_unavailable=False, cmake_clean_cache=False, cmake_clean_first=False, cmake_force_configure=False, ament_cmake_args=None, catkin_cmake_args=None, catkin_skip_building_tests=False, mixin_files=None, mixin=None, verb_parser=<colcon_mixin.mixin.mixin_argument.MixinArgumentDecorator object at 0x7358d4d89280>, verb_extension=<colcon_core.verb.build.BuildVerb object at 0x7358d4eb96d0>, main=<bound method BuildVerb.main of <colcon_core.verb.build.BuildVerb object at 0x7358d4eb96d0>>, mixin_verb=('build',))
[0.101s] Level 1:colcon.colcon_core.package_discovery:discover_packages(colcon_meta) check parameters
[0.101s] Level 1:colcon.colcon_core.package_discovery:discover_packages(recursive) check parameters
[0.101s] Level 1:colcon.colcon_core.package_discovery:discover_packages(ignore) check parameters
[0.101s] Level 1:colcon.colcon_core.package_discovery:discover_packages(path) check parameters
[0.101s] Level 1:colcon.colcon_core.package_discovery:discover_packages(colcon_meta) discover
[0.101s] Level 1:colcon.colcon_core.package_discovery:discover_packages(recursive) discover
[0.101s] INFO:colcon.colcon_core.package_discovery:Crawling recursively for packages in '/home/huy/Downloads/project'
[0.101s] Level 1:colcon.colcon_core.package_identification:_identify(.) by extensions ['ignore', 'ignore_ament_install']
[0.101s] Level 1:colcon.colcon_core.package_identification:_identify(.) by extension 'ignore'
[0.101s] Level 1:colcon.colcon_core.package_identification:_identify(.) by extension 'ignore_ament_install'
[0.101s] Level 1:colcon.colcon_core.package_identification:_identify(.) by extensions ['colcon_pkg']
[0.101s] Level 1:colcon.colcon_core.package_identification:_identify(.) by extension 'colcon_pkg'
[0.101s] Level 1:colcon.colcon_core.package_identification:_identify(.) by extensions ['colcon_meta']
[0.101s] Level 1:colcon.colcon_core.package_identification:_identify(.) by extension 'colcon_meta'
[0.101s] Level 1:colcon.colcon_core.package_identification:_identify(.) by extensions ['ros']
[0.101s] Level 1:colcon.colcon_core.package_identification:_identify(.) by extension 'ros'
[0.120s] Level 1:colcon.colcon_core.package_identification:_identify(.) by extensions ['cmake', 'python']
[0.120s] Level 1:colcon.colcon_core.package_identification:_identify(.) by extension 'cmake'
[0.120s] Level 1:colcon.colcon_core.package_identification:_identify(.) by extension 'python'
[0.120s] Level 1:colcon.colcon_core.package_identification:_identify(.) by extensions ['python_setup_py']
[0.120s] Level 1:colcon.colcon_core.package_identification:_identify(.) by extension 'python_setup_py'
[0.120s] Level 1:colcon.colcon_core.package_identification:_identify(build) by extensions ['ignore', 'ignore_ament_install']
[0.120s] Level 1:colcon.colcon_core.package_identification:_identify(build) by extension 'ignore'
[0.120s] Level 1:colcon.colcon_core.package_identification:_identify(build) ignored
[0.120s] Level 1:colcon.colcon_core.package_identification:_identify(install) by extensions ['ignore', 'ignore_ament_install']
[0.120s] Level 1:colcon.colcon_core.package_identification:_identify(install) by extension 'ignore'
[0.120s] Level 1:colcon.colcon_core.package_identification:_identify(install) ignored
[0.120s] Level 1:colcon.colcon_core.package_identification:_identify(log) by extensions ['ignore', 'ignore_ament_install']
[0.120s] Level 1:colcon.colcon_core.package_identification:_identify(log) by extension 'ignore'
[0.120s] Level 1:colcon.colcon_core.package_identification:_identify(log) ignored
[0.120s] Level 1:colcon.colcon_core.package_identification:_identify(src) by extensions ['ignore', 'ignore_ament_install']
[0.120s] Level 1:colcon.colcon_core.package_identification:_identify(src) by extension 'ignore'
[0.121s] Level 1:colcon.colcon_core.package_identification:_identify(src) by extension 'ignore_ament_install'
[0.121s] Level 1:colcon.colcon_core.package_identification:_identify(src) by extensions ['colcon_pkg']
[0.121s] Level 1:colcon.colcon_core.package_identification:_identify(src) by extension 'colcon_pkg'
[0.121s] Level 1:colcon.colcon_core.package_identification:_identify(src) by extensions ['colcon_meta']
[0.121s] Level 1:colcon.colcon_core.package_identification:_identify(src) by extension 'colcon_meta'
[0.121s] Level 1:colcon.colcon_core.package_identification:_identify(src) by extensions ['ros']
[0.121s] Level 1:colcon.colcon_core.package_identification:_identify(src) by extension 'ros'
[0.121s] Level 1:colcon.colcon_core.package_identification:_identify(src) by extensions ['cmake', 'python']
[0.121s] Level 1:colcon.colcon_core.package_identification:_identify(src) by extension 'cmake'
[0.121s] Level 1:colcon.colcon_core.package_identification:_identify(src) by extension 'python'
[0.121s] Level 1:colcon.colcon_core.package_identification:_identify(src) by extensions ['python_setup_py']
[0.121s] Level 1:colcon.colcon_core.package_identification:_identify(src) by extension 'python_setup_py'
[0.121s] Level 1:colcon.colcon_core.package_identification:_identify(src/nav2_simple_navigation) by extensions ['ignore', 'ignore_ament_install']
[0.121s] Level 1:colcon.colcon_core.package_identification:_identify(src/nav2_simple_navigation) by extension 'ignore'
[0.121s] Level 1:colcon.colcon_core.package_identification:_identify(src/nav2_simple_navigation) by extension 'ignore_ament_install'
[0.121s] Level 1:colcon.colcon_core.package_identification:_identify(src/nav2_simple_navigation) by extensions ['colcon_pkg']
[0.121s] Level 1:colcon.colcon_core.package_identification:_identify(src/nav2_simple_navigation) by extension 'colcon_pkg'
[0.121s] Level 1:colcon.colcon_core.package_identification:_identify(src/nav2_simple_navigation) by extensions ['colcon_meta']
[0.121s] Level 1:colcon.colcon_core.package_identification:_identify(src/nav2_simple_navigation) by extension 'colcon_meta'
[0.121s] Level 1:colcon.colcon_core.package_identification:_identify(src/nav2_simple_navigation) by extensions ['ros']
[0.121s] Level 1:colcon.colcon_core.package_identification:_identify(src/nav2_simple_navigation) by extension 'ros'
[0.123s] DEBUG:colcon.colcon_core.package_identification:Package 'src/nav2_simple_navigation' with type 'ros.ament_python' and name 'nav2_simple_navigation'
[0.123s] Level 1:colcon.colcon_core.package_identification:_identify(src/robot_omni) by extensions ['ignore', 'ignore_ament_install']
[0.123s] Level 1:colcon.colcon_core.package_identification:_identify(src/robot_omni) by extension 'ignore'
[0.123s] Level 1:colcon.colcon_core.package_identification:_identify(src/robot_omni) by extension 'ignore_ament_install'
[0.123s] Level 1:colcon.colcon_core.package_identification:_identify(src/robot_omni) by extensions ['colcon_pkg']
[0.123s] Level 1:colcon.colcon_core.package_identification:_identify(src/robot_omni) by extension 'colcon_pkg'
[0.123s] Level 1:colcon.colcon_core.package_identification:_identify(src/robot_omni) by extensions ['colcon_meta']
[0.123s] Level 1:colcon.colcon_core.package_identification:_identify(src/robot_omni) by extension 'colcon_meta'
[0.123s] Level 1:colcon.colcon_core.package_identification:_identify(src/robot_omni) by extensions ['ros']
[0.123s] Level 1:colcon.colcon_core.package_identification:_identify(src/robot_omni) by extension 'ros'
[0.124s] DEBUG:colcon.colcon_core.package_identification:Package 'src/robot_omni' with type 'ros.ament_cmake' and name 'robot_omni'
[0.124s] Level 1:colcon.colcon_core.package_discovery:discover_packages(recursive) using defaults
[0.124s] Level 1:colcon.colcon_core.package_discovery:discover_packages(ignore) discover
[0.124s] Level 1:colcon.colcon_core.package_discovery:discover_packages(ignore) using defaults
[0.124s] Level 1:colcon.colcon_core.package_discovery:discover_packages(path) discover
[0.124s] Level 1:colcon.colcon_core.package_discovery:discover_packages(path) using defaults
[0.135s] INFO:colcon.colcon_core.package_selection:Skipping not selected package 'nav2_simple_navigation' in 'src/nav2_simple_navigation'
[0.136s] Level 1:colcon.colcon_core.package_discovery:discover_packages(prefix_path) check parameters
[0.136s] Level 1:colcon.colcon_core.package_discovery:discover_packages(prefix_path) discover
[0.138s] DEBUG:colcon.colcon_installed_package_information.package_discovery:Found 450 installed packages in /opt/ros/jazzy
[0.139s] Level 1:colcon.colcon_core.package_discovery:discover_packages(prefix_path) using defaults
[0.177s] Level 5:colcon.colcon_core.verb:set package 'robot_omni' build argument 'cmake_args' from command line to 'None'
[0.177s] Level 5:colcon.colcon_core.verb:set package 'robot_omni' build argument 'cmake_target' from command line to 'None'
[0.177s] Level 5:colcon.colcon_core.verb:set package 'robot_omni' build argument 'cmake_target_skip_unavailable' from command line to 'False'
[0.177s] Level 5:colcon.colcon_core.verb:set package 'robot_omni' build argument 'cmake_clean_cache' from command line to 'False'
[0.177s] Level 5:colcon.colcon_core.verb:set package 'robot_omni' build argument 'cmake_clean_first' from command line to 'False'
[0.177s] Level 5:colcon.colcon_core.verb:set package 'robot_omni' build argument 'cmake_force_configure' from command line to 'False'
[0.177s] Level 5:colcon.colcon_core.verb:set package 'robot_omni' build argument 'ament_cmake_args' from command line to 'None'
[0.177s] Level 5:colcon.colcon_core.verb:set package 'robot_omni' build argument 'catkin_cmake_args' from command line to 'None'
[0.177s] Level 5:colcon.colcon_core.verb:set package 'robot_omni' build argument 'catkin_skip_building_tests' from command line to 'False'
[0.177s] DEBUG:colcon.colcon_core.verb:Building package 'robot_omni' with the following arguments: {'ament_cmake_args': None, 'build_base': '/home/huy/Downloads/project/build/robot_omni', 'catkin_cmake_args': None, 'catkin_skip_building_tests': False, 'cmake_args': None, 'cmake_clean_cache': False, 'cmake_clean_first': False, 'cmake_force_configure': False, 'cmake_target': None, 'cmake_target_skip_unavailable': False, 'install_base': '/home/huy/Downloads/project/install/robot_omni', 'merge_install': False, 'path': '/home/huy/Downloads/project/src/robot_omni', 'symlink_install': False, 'test_result_base': None}
[0.177s] INFO:colcon.colcon_core.executor:Executing jobs using 'parallel' executor
[0.178s] DEBUG:colcon.colcon_parallel_executor.executor.parallel:run_until_complete
[0.178s] INFO:colcon.colcon_ros.task.ament_cmake.build:Building ROS package in '/home/huy/Downloads/project/src/robot_omni' with build type 'ament_cmake'
[0.179s] INFO:colcon.colcon_cmake.task.cmake.build:Building CMake package in '/home/huy/Downloads/project/src/robot_omni'
[0.180s] INFO:colcon.colcon_core.plugin_system:Skipping extension 'colcon_core.shell.bat': Not used on non-Windows systems
[0.180s] INFO:colcon.colcon_core.shell:Skip shell extension 'powershell' for command environment: Not usable outside of PowerShell
[0.180s] DEBUG:colcon.colcon_core.shell:Skip shell extension 'dsv' for command environment
[0.186s] DEBUG:colcon.colcon_core.event_handler.log_command:Invoking command in '/home/huy/Downloads/project/build/robot_omni': CMAKE_PREFIX_PATH=${CMAKE_PREFIX_PATH}:/opt/ros/jazzy DEBUGINFOD_URLS=https://debuginfod.ubuntu.com /usr/bin/cmake --build /home/huy/Downloads/project/build/robot_omni -- -j16 -l16
[0.215s] DEBUG:colcon.colcon_core.event_handler.log_command:Invoked command in '/home/huy/Downloads/project/build/robot_omni' returned '0': CMAKE_PREFIX_PATH=${CMAKE_PREFIX_PATH}:/opt/ros/jazzy DEBUGINFOD_URLS=https://debuginfod.ubuntu.com /usr/bin/cmake --build /home/huy/Downloads/project/build/robot_omni -- -j16 -l16
[0.221s] DEBUG:colcon.colcon_core.event_handler.log_command:Invoking command in '/home/huy/Downloads/project/build/robot_omni': CMAKE_PREFIX_PATH=${CMAKE_PREFIX_PATH}:/opt/ros/jazzy DEBUGINFOD_URLS=https://debuginfod.ubuntu.com /usr/bin/cmake --install /home/huy/Downloads/project/build/robot_omni
[0.252s] Level 1:colcon.colcon_core.environment:create_environment_scripts_only(robot_omni)
[0.255s] Level 1:colcon.colcon_core.environment:checking '/home/huy/Downloads/project/install/robot_omni' for CMake module files
[0.256s] Level 1:colcon.colcon_core.environment:checking '/home/huy/Downloads/project/install/robot_omni' for CMake config files
[0.271s] Level 1:colcon.colcon_core.shell:create_environment_hook('robot_omni', 'cmake_prefix_path')
[0.271s] INFO:colcon.colcon_core.shell:Creating environment hook '/home/huy/Downloads/project/install/robot_omni/share/robot_omni/hook/cmake_prefix_path.ps1'
[0.272s] INFO:colcon.colcon_core.shell:Creating environment descriptor '/home/huy/Downloads/project/install/robot_omni/share/robot_omni/hook/cmake_prefix_path.dsv'
[0.273s] INFO:colcon.colcon_core.shell:Creating environment hook '/home/huy/Downloads/project/install/robot_omni/share/robot_omni/hook/cmake_prefix_path.sh'
[0.273s] Level 1:colcon.colcon_core.environment:checking '/home/huy/Downloads/project/install/robot_omni/bin'
[0.273s] Level 1:colcon.colcon_core.environment:checking '/home/huy/Downloads/project/install/robot_omni/lib/pkgconfig/robot_omni.pc'
[0.274s] Level 1:colcon.colcon_core.environment:checking '/home/huy/Downloads/project/install/robot_omni/lib/python3.12/site-packages'
[0.274s] Level 1:colcon.colcon_core.environment:checking '/home/huy/Downloads/project/install/robot_omni/bin'
[0.274s] INFO:colcon.colcon_core.shell:Creating package script '/home/huy/Downloads/project/install/robot_omni/share/robot_omni/package.ps1'
[0.275s] INFO:colcon.colcon_core.shell:Creating package descriptor '/home/huy/Downloads/project/install/robot_omni/share/robot_omni/package.dsv'
[0.275s] INFO:colcon.colcon_core.shell:Creating package script '/home/huy/Downloads/project/install/robot_omni/share/robot_omni/package.sh'
[0.276s] INFO:colcon.colcon_core.shell:Creating package script '/home/huy/Downloads/project/install/robot_omni/share/robot_omni/package.bash'
[0.277s] INFO:colcon.colcon_core.shell:Creating package script '/home/huy/Downloads/project/install/robot_omni/share/robot_omni/package.zsh'
[0.277s] Level 1:colcon.colcon_core.environment:create_file_with_runtime_dependencies(/home/huy/Downloads/project/install/robot_omni/share/colcon-core/packages/robot_omni)
[0.278s] Level 1:colcon.colcon_core.environment:create_environment_scripts_only(robot_omni)
[0.278s] Level 1:colcon.colcon_core.environment:checking '/home/huy/Downloads/project/install/robot_omni' for CMake module files
[0.278s] Level 1:colcon.colcon_core.environment:checking '/home/huy/Downloads/project/install/robot_omni' for CMake config files
[0.307s] DEBUG:colcon.colcon_core.event_handler.log_command:Invoked command in '/home/huy/Downloads/project/build/robot_omni' returned '0': CMAKE_PREFIX_PATH=${CMAKE_PREFIX_PATH}:/opt/ros/jazzy DEBUGINFOD_URLS=https://debuginfod.ubuntu.com /usr/bin/cmake --install /home/huy/Downloads/project/build/robot_omni
[0.307s] Level 1:colcon.colcon_core.shell:create_environment_hook('robot_omni', 'cmake_prefix_path')
[0.307s] INFO:colcon.colcon_core.shell:Creating environment hook '/home/huy/Downloads/project/install/robot_omni/share/robot_omni/hook/cmake_prefix_path.ps1'
[0.308s] INFO:colcon.colcon_core.shell:Creating environment descriptor '/home/huy/Downloads/project/install/robot_omni/share/robot_omni/hook/cmake_prefix_path.dsv'
[0.308s] INFO:colcon.colcon_core.shell:Creating environment hook '/home/huy/Downloads/project/install/robot_omni/share/robot_omni/hook/cmake_prefix_path.sh'
[0.308s] Level 1:colcon.colcon_core.environment:checking '/home/huy/Downloads/project/install/robot_omni/bin'
[0.308s] Level 1:colcon.colcon_core.environment:checking '/home/huy/Downloads/project/install/robot_omni/lib/pkgconfig/robot_omni.pc'
[0.309s] Level 1:colcon.colcon_core.environment:checking '/home/huy/Downloads/project/install/robot_omni/lib/python3.12/site-packages'
[0.309s] Level 1:colcon.colcon_core.environment:checking '/home/huy/Downloads/project/install/robot_omni/bin'
[0.309s] INFO:colcon.colcon_core.shell:Creating package script '/home/huy/Downloads/project/install/robot_omni/share/robot_omni/package.ps1'
[0.309s] INFO:colcon.colcon_core.shell:Creating package descriptor '/home/huy/Downloads/project/install/robot_omni/share/robot_omni/package.dsv'
[0.310s] INFO:colcon.colcon_core.shell:Creating package script '/home/huy/Downloads/project/install/robot_omni/share/robot_omni/package.sh'
[0.310s] INFO:colcon.colcon_core.shell:Creating package script '/home/huy/Downloads/project/install/robot_omni/share/robot_omni/package.bash'
[0.310s] INFO:colcon.colcon_core.shell:Creating package script '/home/huy/Downloads/project/install/robot_omni/share/robot_omni/package.zsh'
[0.310s] Level 1:colcon.colcon_core.environment:create_file_with_runtime_dependencies(/home/huy/Downloads/project/install/robot_omni/share/colcon-core/packages/robot_omni)
[0.310s] DEBUG:colcon.colcon_parallel_executor.executor.parallel:closing loop
[0.311s] DEBUG:colcon.colcon_parallel_executor.executor.parallel:loop closed
[0.311s] DEBUG:colcon.colcon_parallel_executor.executor.parallel:run_until_complete finished with '0'
[0.311s] DEBUG:colcon.colcon_core.event_reactor:joining thread
[0.314s] INFO:colcon.colcon_core.plugin_system:Skipping extension 'colcon_notification.desktop_notification.terminal_notifier': Not used on non-Darwin systems
[0.315s] INFO:colcon.colcon_core.plugin_system:Skipping extension 'colcon_notification.desktop_notification.win32': Not used on non-Windows systems
[0.315s] INFO:colcon.colcon_notification.desktop_notification:Sending desktop notification using 'notify2'
[0.325s] DEBUG:colcon.colcon_core.event_reactor:joined thread
[0.325s] INFO:colcon.colcon_core.shell:Creating prefix script '/home/huy/Downloads/project/install/local_setup.ps1'
[0.325s] INFO:colcon.colcon_core.shell:Creating prefix util module '/home/huy/Downloads/project/install/_local_setup_util_ps1.py'
[0.326s] INFO:colcon.colcon_core.shell:Creating prefix chain script '/home/huy/Downloads/project/install/setup.ps1'
[0.327s] INFO:colcon.colcon_core.shell:Creating prefix script '/home/huy/Downloads/project/install/local_setup.sh'
[0.327s] INFO:colcon.colcon_core.shell:Creating prefix util module '/home/huy/Downloads/project/install/_local_setup_util_sh.py'
[0.327s] INFO:colcon.colcon_core.shell:Creating prefix chain script '/home/huy/Downloads/project/install/setup.sh'
[0.328s] INFO:colcon.colcon_core.shell:Creating prefix script '/home/huy/Downloads/project/install/local_setup.bash'
[0.328s] INFO:colcon.colcon_core.shell:Creating prefix chain script '/home/huy/Downloads/project/install/setup.bash'
[0.329s] INFO:colcon.colcon_core.shell:Creating prefix script '/home/huy/Downloads/project/install/local_setup.zsh'
[0.329s] INFO:colcon.colcon_core.shell:Creating prefix chain script '/home/huy/Downloads/project/install/setup.zsh'
