[0.563s] Invoking command in '/home/huy/Downloads/project/src/nav2_simple_navigation': DEBUGINFOD_URLS=https://debuginfod.ubuntu.com PYTHONPATH=/home/huy/Downloads/project/build/nav2_simple_navigation/prefix_override:/usr/lib/python3/dist-packages/colcon_core/task/python/colcon_distutils_commands:/home/huy/Downloads/project/install/nav2_simple_navigation/lib/python3.12/site-packages:${PYTHONPATH} /usr/bin/python3 -W ignore:setup.py install is deprecated -W ignore:easy_install command is deprecated setup.py egg_info --egg-base ../../build/nav2_simple_navigation build --build-base /home/huy/Downloads/project/build/nav2_simple_navigation/build install --record /home/huy/Downloads/project/build/nav2_simple_navigation/install.log --single-version-externally-managed install_data
[0.770s] running egg_info
[0.786s] writing ../../build/nav2_simple_navigation/nav2_simple_navigation.egg-info/PKG-INFO
[0.786s] writing dependency_links to ../../build/nav2_simple_navigation/nav2_simple_navigation.egg-info/dependency_links.txt
[0.786s] writing entry points to ../../build/nav2_simple_navigation/nav2_simple_navigation.egg-info/entry_points.txt
[0.786s] writing requirements to ../../build/nav2_simple_navigation/nav2_simple_navigation.egg-info/requires.txt
[0.786s] writing top-level names to ../../build/nav2_simple_navigation/nav2_simple_navigation.egg-info/top_level.txt
[0.821s] reading manifest file '../../build/nav2_simple_navigation/nav2_simple_navigation.egg-info/SOURCES.txt'
[0.821s] writing manifest file '../../build/nav2_simple_navigation/nav2_simple_navigation.egg-info/SOURCES.txt'
[0.821s] running build
[0.821s] running build_py
[0.822s] running install
[0.827s] running install_lib
[0.843s] running install_data
[0.843s] running install_egg_info
[0.860s] removing '/home/huy/Downloads/project/install/nav2_simple_navigation/lib/python3.12/site-packages/nav2_simple_navigation-0.0.0-py3.12.egg-info' (and everything under it)
[0.860s] Copying ../../build/nav2_simple_navigation/nav2_simple_navigation.egg-info to /home/huy/Downloads/project/install/nav2_simple_navigation/lib/python3.12/site-packages/nav2_simple_navigation-0.0.0-py3.12.egg-info
[0.861s] running install_scripts
[0.962s] Installing bt_nav script to /home/huy/Downloads/project/install/nav2_simple_navigation/lib/nav2_simple_navigation
[0.962s] Installing circle_nav script to /home/huy/Downloads/project/install/nav2_simple_navigation/lib/nav2_simple_navigation
[0.963s] Installing go_to_room script to /home/huy/Downloads/project/install/nav2_simple_navigation/lib/nav2_simple_navigation
[0.963s] Installing go_to_rooms script to /home/huy/Downloads/project/install/nav2_simple_navigation/lib/nav2_simple_navigation
[0.963s] Installing pose_debugger script to /home/huy/Downloads/project/install/nav2_simple_navigation/lib/nav2_simple_navigation
[0.963s] Installing rviz_route_manager script to /home/huy/Downloads/project/install/nav2_simple_navigation/lib/nav2_simple_navigation
[0.963s] Installing square_nav script to /home/huy/Downloads/project/install/nav2_simple_navigation/lib/nav2_simple_navigation
[0.963s] Installing yaw_debugger script to /home/huy/Downloads/project/install/nav2_simple_navigation/lib/nav2_simple_navigation
[0.963s] writing list of installed files to '/home/huy/Downloads/project/build/nav2_simple_navigation/install.log'
[0.988s] Invoked command in '/home/huy/Downloads/project/src/nav2_simple_navigation' returned '0': DEBUGINFOD_URLS=https://debuginfod.ubuntu.com PYTHONPATH=/home/huy/Downloads/project/build/nav2_simple_navigation/prefix_override:/usr/lib/python3/dist-packages/colcon_core/task/python/colcon_distutils_commands:/home/huy/Downloads/project/install/nav2_simple_navigation/lib/python3.12/site-packages:${PYTHONPATH} /usr/bin/python3 -W ignore:setup.py install is deprecated -W ignore:easy_install command is deprecated setup.py egg_info --egg-base ../../build/nav2_simple_navigation build --build-base /home/huy/Downloads/project/build/nav2_simple_navigation/build install --record /home/huy/Downloads/project/build/nav2_simple_navigation/install.log --single-version-externally-managed install_data
